2024-05-05 02:38:12,367 - INFO - 
Start Training
2024-05-05 02:38:12,367 - INFO - cuda
2024-05-05 02:38:12,367 - INFO - {'type_exp': 'train', 'batch_size': 64, 'lr': 0.06, 'epoch': 100, 'eval_step': 10, 'optimizer': 'sgd', 'loss': 'cross_ent', 'weight_decay': None, 'dropout': None, 'scheduler': 'exp', 'seed': 10}
2024-05-05 02:38:12,367 - INFO - {'in_channel_dim': 1, 'input_dim': 67, 'latent_dim': 32, 'type': 'conv'}
2024-05-05 02:38:12,367 - INFO - {'output_dim': 4184, 'type': 'linear'}
2024-05-05 02:44:55,775 - INFO - 
Epoch 0: Train avg loss  6.63225, Train accuracy 2.58%, Time required: 403.41s
2024-05-05 02:45:23,339 - INFO - 
Eval accuracy 3.54%, Eval avg loss 6.31366
2024-05-05 02:48:46,866 - INFO - 
Epoch 1: Train avg loss  6.01080, Train accuracy 4.01%, Time required: 203.52s
2024-05-05 02:59:11,946 - INFO - 
Epoch 2: Train avg loss  5.68035, Train accuracy 4.79%, Time required: 625.08s
2024-05-05 03:10:26,175 - INFO - 
Epoch 3: Train avg loss  5.95354, Train accuracy 5.46%, Time required: 674.23s
2024-05-05 03:13:48,560 - INFO - 
Epoch 4: Train avg loss  6.03629, Train accuracy 5.95%, Time required: 202.38s
2024-05-05 03:21:03,729 - INFO - 
Epoch 5: Train avg loss  6.47806, Train accuracy 6.31%, Time required: 435.17s
2024-05-05 03:37:01,899 - INFO - 
Epoch 6: Train avg loss  5.96216, Train accuracy 6.57%, Time required: 958.17s
2024-05-05 03:52:12,896 - INFO - 
Epoch 7: Train avg loss  5.89276, Train accuracy 6.78%, Time required: 911.00s
2024-05-05 04:08:11,002 - INFO - 
Epoch 8: Train avg loss  6.73144, Train accuracy 6.97%, Time required: 958.11s
2024-05-05 04:24:09,193 - INFO - 
Epoch 9: Train avg loss  5.92870, Train accuracy 7.12%, Time required: 958.19s
2024-05-05 04:40:07,524 - INFO - 
Epoch 10: Train avg loss  5.44979, Train accuracy 7.26%, Time required: 958.33s
2024-05-05 04:40:35,042 - INFO - 
Eval accuracy 7.37%, Eval avg loss 5.87495
2024-05-05 04:56:05,704 - INFO - 
Epoch 11: Train avg loss  5.85585, Train accuracy 7.40%, Time required: 930.65s
2024-05-05 05:12:03,831 - INFO - 
Epoch 12: Train avg loss  6.23405, Train accuracy 7.52%, Time required: 958.13s
2024-05-05 05:28:02,067 - INFO - 
Epoch 13: Train avg loss  5.63414, Train accuracy 7.60%, Time required: 958.24s
2024-05-05 05:43:12,965 - INFO - 
Epoch 14: Train avg loss  5.66799, Train accuracy 7.72%, Time required: 910.90s
2024-05-05 05:59:11,108 - INFO - 
Epoch 15: Train avg loss  5.62665, Train accuracy 7.80%, Time required: 958.14s
2024-05-05 06:15:09,382 - INFO - 
Epoch 16: Train avg loss  6.20120, Train accuracy 7.86%, Time required: 958.27s
2024-05-05 06:31:07,572 - INFO - 
Epoch 17: Train avg loss  5.79412, Train accuracy 7.96%, Time required: 958.19s
2024-05-05 06:47:05,884 - INFO - 
Epoch 18: Train avg loss  5.19985, Train accuracy 8.03%, Time required: 958.31s
2024-05-05 07:03:04,050 - INFO - 
Epoch 19: Train avg loss  6.07986, Train accuracy 8.07%, Time required: 958.17s
2024-05-05 07:19:02,277 - INFO - 
Epoch 20: Train avg loss  6.00765, Train accuracy 8.15%, Time required: 958.23s
2024-05-05 07:19:29,808 - INFO - 
Eval accuracy 7.89%, Eval avg loss 5.76376
2024-05-05 07:34:13,329 - INFO - 
Epoch 21: Train avg loss  5.70423, Train accuracy 8.18%, Time required: 883.51s
2024-05-05 07:50:11,508 - INFO - 
Epoch 22: Train avg loss  5.56231, Train accuracy 8.29%, Time required: 958.18s
2024-05-05 08:06:09,709 - INFO - 
Epoch 23: Train avg loss  5.70980, Train accuracy 8.32%, Time required: 958.20s
2024-05-05 08:22:07,991 - INFO - 
Epoch 24: Train avg loss  5.32929, Train accuracy 8.37%, Time required: 958.28s
2024-05-05 08:38:06,319 - INFO - 
Epoch 25: Train avg loss  5.91166, Train accuracy 8.42%, Time required: 958.33s
2024-05-05 08:54:04,414 - INFO - 
Epoch 26: Train avg loss  5.55728, Train accuracy 8.47%, Time required: 958.09s
2024-05-05 09:10:02,610 - INFO - 
Epoch 27: Train avg loss  5.87251, Train accuracy 8.54%, Time required: 958.20s
2024-05-05 09:26:00,806 - INFO - 
Epoch 28: Train avg loss  5.67247, Train accuracy 8.57%, Time required: 958.20s
2024-05-05 09:41:11,878 - INFO - 
Epoch 29: Train avg loss  5.45406, Train accuracy 8.59%, Time required: 911.07s
2024-05-05 09:57:10,019 - INFO - 
Epoch 30: Train avg loss  5.31779, Train accuracy 8.66%, Time required: 958.14s
2024-05-05 09:57:37,614 - INFO - 
Eval accuracy 8.58%, Eval avg loss 5.70723
2024-05-05 10:05:34,831 - INFO - 
Epoch 31: Train avg loss  5.78622, Train accuracy 8.72%, Time required: 477.21s
2024-05-05 10:08:58,206 - INFO - 
Epoch 32: Train avg loss  6.08500, Train accuracy 8.74%, Time required: 203.38s
2024-05-05 10:12:22,534 - INFO - 
Epoch 33: Train avg loss  5.35871, Train accuracy 8.78%, Time required: 204.33s
2024-05-05 10:15:44,996 - INFO - 
Epoch 34: Train avg loss  5.24011, Train accuracy 8.81%, Time required: 202.46s
2024-05-05 10:22:36,002 - INFO - 
Epoch 35: Train avg loss  5.60118, Train accuracy 8.87%, Time required: 411.01s
2024-05-05 10:25:56,801 - INFO - 
Epoch 36: Train avg loss  5.59092, Train accuracy 8.86%, Time required: 200.80s
2024-05-05 10:29:18,076 - INFO - 
Epoch 37: Train avg loss  5.72270, Train accuracy 8.93%, Time required: 201.27s
2024-05-05 10:32:39,147 - INFO - 
Epoch 38: Train avg loss  5.38393, Train accuracy 8.94%, Time required: 201.07s
2024-05-05 10:43:16,723 - INFO - 
Epoch 39: Train avg loss  5.82216, Train accuracy 8.97%, Time required: 637.58s
2024-05-05 10:46:49,717 - INFO - 
Epoch 40: Train avg loss  5.76391, Train accuracy 8.98%, Time required: 212.99s
2024-05-05 10:47:16,822 - INFO - 
Eval accuracy 8.69%, Eval avg loss 5.67629
2024-05-05 10:54:46,199 - INFO - 
Epoch 41: Train avg loss  5.57126, Train accuracy 9.04%, Time required: 449.37s
2024-05-05 11:01:07,137 - INFO - 
Epoch 42: Train avg loss  5.93872, Train accuracy 9.06%, Time required: 380.94s
2024-05-05 11:14:47,716 - INFO - 
Epoch 43: Train avg loss  5.37649, Train accuracy 9.05%, Time required: 820.58s
2024-05-05 11:18:08,023 - INFO - 
Epoch 44: Train avg loss  5.03993, Train accuracy 9.10%, Time required: 200.31s
2024-05-05 11:21:28,548 - INFO - 
Epoch 45: Train avg loss  6.19785, Train accuracy 9.10%, Time required: 200.52s
2024-05-05 11:24:48,650 - INFO - 
Epoch 46: Train avg loss  5.51067, Train accuracy 9.14%, Time required: 200.10s
2024-05-05 11:34:11,837 - INFO - 
Epoch 47: Train avg loss  5.41514, Train accuracy 9.15%, Time required: 563.19s
2024-05-05 11:48:13,686 - INFO - 
Epoch 48: Train avg loss  5.42005, Train accuracy 9.16%, Time required: 841.85s
2024-05-05 12:03:01,582 - INFO - 
Epoch 49: Train avg loss  5.60433, Train accuracy 9.18%, Time required: 887.90s
2024-05-05 12:09:25,688 - INFO - 
Epoch 50: Train avg loss  6.00444, Train accuracy 9.24%, Time required: 384.11s
2024-05-05 12:09:53,030 - INFO - 
Eval accuracy 8.86%, Eval avg loss 5.65793
2024-05-05 12:15:54,654 - INFO - 
Epoch 51: Train avg loss  5.78468, Train accuracy 9.22%, Time required: 361.62s
2024-05-05 12:19:14,395 - INFO - 
Epoch 52: Train avg loss  5.33110, Train accuracy 9.24%, Time required: 199.74s
2024-05-05 12:30:08,787 - INFO - 
Epoch 53: Train avg loss  5.94426, Train accuracy 9.23%, Time required: 654.39s
2024-05-05 12:34:13,916 - INFO - 
Epoch 54: Train avg loss  5.84504, Train accuracy 9.28%, Time required: 245.13s
2024-05-05 12:46:05,659 - INFO - 
Epoch 55: Train avg loss  5.61900, Train accuracy 9.26%, Time required: 711.74s
2024-05-05 13:00:07,730 - INFO - 
Epoch 56: Train avg loss  5.54178, Train accuracy 9.28%, Time required: 842.07s
2024-05-05 13:14:09,649 - INFO - 
Epoch 57: Train avg loss  5.29545, Train accuracy 9.31%, Time required: 841.92s
2024-05-05 13:28:11,558 - INFO - 
Epoch 58: Train avg loss  5.52743, Train accuracy 9.32%, Time required: 841.91s
2024-05-05 13:42:13,540 - INFO - 
Epoch 59: Train avg loss  5.34346, Train accuracy 9.32%, Time required: 841.98s
2024-05-05 13:57:01,364 - INFO - 
Epoch 60: Train avg loss  5.06078, Train accuracy 9.35%, Time required: 887.82s
2024-05-05 13:57:28,292 - INFO - 
Eval accuracy 9.00%, Eval avg loss 5.64895
2024-05-05 14:11:03,496 - INFO - 
Epoch 61: Train avg loss  5.90603, Train accuracy 9.33%, Time required: 815.20s
2024-05-05 14:25:05,318 - INFO - 
Epoch 62: Train avg loss  6.41058, Train accuracy 9.38%, Time required: 841.82s
2024-05-05 14:39:07,210 - INFO - 
Epoch 63: Train avg loss  5.48804, Train accuracy 9.36%, Time required: 841.89s
2024-05-05 14:53:09,178 - INFO - 
Epoch 64: Train avg loss  5.56826, Train accuracy 9.39%, Time required: 841.97s
2024-05-05 15:07:11,314 - INFO - 
Epoch 65: Train avg loss  5.40166, Train accuracy 9.37%, Time required: 842.14s
2024-05-05 15:21:13,287 - INFO - 
Epoch 66: Train avg loss  5.86716, Train accuracy 9.41%, Time required: 841.97s
2024-05-05 15:36:00,926 - INFO - 
Epoch 67: Train avg loss  5.49060, Train accuracy 9.40%, Time required: 887.64s
2024-05-05 15:50:02,873 - INFO - 
Epoch 68: Train avg loss  5.83307, Train accuracy 9.41%, Time required: 841.95s
2024-05-05 16:04:04,824 - INFO - 
Epoch 69: Train avg loss  5.29498, Train accuracy 9.42%, Time required: 841.95s
2024-05-05 16:18:06,744 - INFO - 
Epoch 70: Train avg loss  5.39187, Train accuracy 9.42%, Time required: 841.92s
2024-05-05 16:18:33,837 - INFO - 
Eval accuracy 8.99%, Eval avg loss 5.64511
2024-05-05 16:32:08,698 - INFO - 
Epoch 71: Train avg loss  5.44044, Train accuracy 9.42%, Time required: 814.85s
2024-05-05 16:46:10,667 - INFO - 
Epoch 72: Train avg loss  5.40879, Train accuracy 9.42%, Time required: 841.97s
2024-05-05 17:00:12,645 - INFO - 
Epoch 73: Train avg loss  5.27132, Train accuracy 9.45%, Time required: 841.98s
2024-05-05 17:15:00,457 - INFO - 
Epoch 74: Train avg loss  5.46060, Train accuracy 9.44%, Time required: 887.81s
2024-05-05 17:29:02,386 - INFO - 
Epoch 75: Train avg loss  5.16727, Train accuracy 9.45%, Time required: 841.93s
2024-05-05 17:43:04,323 - INFO - 
Epoch 76: Train avg loss  5.51574, Train accuracy 9.46%, Time required: 841.94s
2024-05-05 17:57:06,375 - INFO - 
Epoch 77: Train avg loss  5.66447, Train accuracy 9.47%, Time required: 842.05s
2024-05-05 18:11:08,237 - INFO - 
Epoch 78: Train avg loss  5.83832, Train accuracy 9.47%, Time required: 841.86s
2024-05-05 18:25:10,237 - INFO - 
Epoch 79: Train avg loss  5.35875, Train accuracy 9.47%, Time required: 842.00s
2024-05-05 18:33:01,817 - INFO - 
Epoch 80: Train avg loss  5.04165, Train accuracy 9.47%, Time required: 471.58s
2024-05-05 18:33:29,039 - INFO - 
Eval accuracy 9.07%, Eval avg loss 5.64043
2024-05-05 19:39:23,545 - INFO - 
Epoch 81: Train avg loss  5.03042, Train accuracy 9.47%, Time required: 3954.50s
2024-05-05 19:48:00,806 - INFO - 
Epoch 82: Train avg loss  5.00871, Train accuracy 9.49%, Time required: 517.26s
2024-05-05 20:02:02,768 - INFO - 
Epoch 83: Train avg loss  5.20461, Train accuracy 9.48%, Time required: 841.96s
2024-05-05 20:16:04,695 - INFO - 
Epoch 84: Train avg loss  5.17048, Train accuracy 9.52%, Time required: 841.93s
2024-05-05 20:30:52,631 - INFO - 
Epoch 85: Train avg loss  5.78377, Train accuracy 9.50%, Time required: 887.94s
2024-05-05 20:44:54,521 - INFO - 
Epoch 86: Train avg loss  5.57232, Train accuracy 9.50%, Time required: 841.89s
2024-05-05 20:58:56,429 - INFO - 
Epoch 87: Train avg loss  5.62113, Train accuracy 9.49%, Time required: 841.91s
2024-05-05 21:12:58,436 - INFO - 
Epoch 88: Train avg loss  5.55199, Train accuracy 9.52%, Time required: 842.01s
2024-05-05 21:27:00,357 - INFO - 
Epoch 89: Train avg loss  5.73660, Train accuracy 9.52%, Time required: 841.92s
2024-05-05 21:41:02,349 - INFO - 
Epoch 90: Train avg loss  5.56644, Train accuracy 9.51%, Time required: 841.99s
2024-05-05 21:41:29,569 - INFO - 
Eval accuracy 9.12%, Eval avg loss 5.63883
2024-05-05 21:55:04,320 - INFO - 
Epoch 91: Train avg loss  5.63777, Train accuracy 9.51%, Time required: 814.74s
2024-05-05 22:09:52,117 - INFO - 
Epoch 92: Train avg loss  5.51421, Train accuracy 9.52%, Time required: 887.80s
2024-05-05 22:23:54,027 - INFO - 
Epoch 93: Train avg loss  5.81376, Train accuracy 9.52%, Time required: 841.91s
2024-05-05 22:37:56,028 - INFO - 
Epoch 94: Train avg loss  5.16137, Train accuracy 9.52%, Time required: 842.00s
2024-05-05 22:51:57,976 - INFO - 
Epoch 95: Train avg loss  5.38936, Train accuracy 9.54%, Time required: 841.95s
2024-05-05 23:05:59,999 - INFO - 
Epoch 96: Train avg loss  6.22908, Train accuracy 9.53%, Time required: 842.02s
2024-05-05 23:20:01,873 - INFO - 
Epoch 97: Train avg loss  5.45270, Train accuracy 9.53%, Time required: 841.87s
2024-05-05 23:30:02,120 - INFO - 
Epoch 98: Train avg loss  5.22891, Train accuracy 9.53%, Time required: 600.25s
2024-05-05 23:44:04,204 - INFO - 
Epoch 99: Train avg loss  5.55863, Train accuracy 9.54%, Time required: 842.08s
2024-05-05 23:44:59,168 - INFO - 
Eval accuracy 9.09%, Eval avg loss 5.65485
